<?xml version="1.0" encoding="UTF-8"?>
<testsuite xmlns:xsi="http://www.w3.org/2001/XMLSchema-instance" xsi:noNamespaceSchemaLocation="https://maven.apache.org/surefire/maven-surefire-plugin/xsd/surefire-test-report.xsd" name="com.csi.service.NoticeServiceTest" time="0.323" tests="12" errors="0" skipped="0" failures="0">
  <properties>
[...]
</properties>
  <testcase name="testFindNoticeFromInfo" classname="com.csi.service.NoticeServiceTest" time="0.007"/>
  <testcase name="deleteNoticeFromId" classname="com.csi.service.NoticeServiceTest" time="0.016"/>
  <testcase name="testFindUserNameFromId" classname="com.csi.service.NoticeServiceTest" time="0.003"/>
  <testcase name="updateNotice" classname="com.csi.service.NoticeServiceTest" time="0.006"/>
  <testcase name="findNoticeFromId" classname="com.csi.service.NoticeServiceTest" time="0.003"/>
  <testcase name="findNoticeFromInfo" classname="com.csi.service.NoticeServiceTest" time="0.006"/>
  <testcase name="findAllNotice" classname="com.csi.service.NoticeServiceTest" time="0.036"/>
  <testcase name="addNotice" classname="com.csi.service.NoticeServiceTest" time="0.021"/>
  <testcase name="testUpdateNotice" classname="com.csi.service.NoticeServiceTest" time="0.012"/>
  <testcase name="findUserNameFromId" classname="com.csi.service.NoticeServiceTest" time="0.01"/>
  <testcase name="testAddNotice" classname="com.csi.service.NoticeServiceTest" time="0.005"/>
  <testcase name="testDeleteNoticeFromId" classname="com.csi.service.NoticeServiceTest" time="0.003"/>
</testsuite>